<?xml version="1.0" encoding="UTF-8" ?>
<testsuite tests="1" failures="0" name="de.bs0x539.vaadin.TestFontIconButton" time="0.264" errors="1" skipped="0">
  <properties>
[...]
</properties>
  <testcase classname="de.bs0x539.vaadin.TestFontIconButton" name="testIt" time="0.264">
    <error message="The path to the driver executable must be set by the phantomjs.binary.path capability/system property/PATH variable; for more information, see https://github.com/ariya/phantomjs/wiki. The latest version can be downloaded from http://phantomjs.org/download.html" type="java.lang.IllegalStateException">java.lang.IllegalStateException: The path to the driver executable must be set by the phantomjs.binary.path capability/system property/PATH variable; for more information, see https://github.com/ariya/phantomjs/wiki. The latest version can be downloaded from http://phantomjs.org/download.html
	at com.google.common.base.Preconditions.checkState(Preconditions.java:199)
	at org.openqa.selenium.phantomjs.PhantomJSDriverService.findPhantomJS(PhantomJSDriverService.java:236)
	at org.openqa.selenium.phantomjs.PhantomJSDriverService.createDefaultService(PhantomJSDriverService.java:181)
	at org.openqa.selenium.phantomjs.PhantomJSDriver.&lt;init&gt;(PhantomJSDriver.java:105)
	at org.vaadin.johannest.loadtestdriver.LoadTestDriver.&lt;init&gt;(LoadTestDriver.java:28)
	at org.vaadin.johannest.loadtestdriver.LoadTestDriverBuilder.build(LoadTestDriverBuilder.java:190)
	at de.bs0x539.vaadin.TestFontIconButton.init(TestFontIconButton.java:30)
	at sun.reflect.NativeMethodAccessorImpl.invoke0(Native Method)
	at sun.reflect.NativeMethodAccessorImpl.invoke(NativeMethodAccessorImpl.java:62)
	at sun.reflect.DelegatingMethodAccessorImpl.invoke(DelegatingMethodAccessorImpl.java:43)
	at java.lang.reflect.Method.invoke(Method.java:498)
	at org.junit.runners.model.FrameworkMethod$1.runReflectiveCall(FrameworkMethod.java:50)
	at org.junit.internal.runners.model.ReflectiveCallable.run(ReflectiveCallable.java:12)
	at org.junit.runners.model.FrameworkMethod.invokeExplosively(FrameworkMethod.java:47)
	at org.junit.internal.runners.statements.RunBefores.evaluate(RunBefores.java:24)
	at org.junit.runners.ParentRunner.runLeaf(ParentRunner.java:325)
	at org.junit.runners.BlockJUnit4ClassRunner.runChild(BlockJUnit4ClassRunner.java:78)
	at org.junit.runners.BlockJUnit4ClassRunner.runChild(BlockJUnit4ClassRunner.java:57)
	at org.junit.runners.ParentRunner$3.run(ParentRunner.java:290)
	at org.junit.runners.ParentRunner$1.schedule(ParentRunner.java:71)
	at org.junit.runners.ParentRunner.runChildren(ParentRunner.java:288)
	at org.junit.runners.ParentRunner.access$000(ParentRunner.java:58)
	at org.junit.runners.ParentRunner$2.evaluate(ParentRunner.java:268)
	at org.junit.runners.ParentRunner.run(ParentRunner.java:363)
	at org.apache.maven.surefire.junit4.JUnit4Provider.execute(JUnit4Provider.java:252)
	at org.apache.maven.surefire.junit4.JUnit4Provider.executeTestSet(JUnit4Provider.java:141)
	at org.apache.maven.surefire.junit4.JUnit4Provider.invoke(JUnit4Provider.java:112)
	at sun.reflect.NativeMethodAccessorImpl.invoke0(Native Method)
	at sun.reflect.NativeMethodAccessorImpl.invoke(NativeMethodAccessorImpl.java:62)
	at sun.reflect.DelegatingMethodAccessorImpl.invoke(DelegatingMethodAccessorImpl.java:43)
	at java.lang.reflect.Method.invoke(Method.java:498)
	at org.apache.maven.surefire.util.ReflectionUtils.invokeMethodWithArray(ReflectionUtils.java:189)
	at org.apache.maven.surefire.booter.ProviderFactory$ProviderProxy.invoke(ProviderFactory.java:165)
	at org.apache.maven.surefire.booter.ProviderFactory.invokeProvider(ProviderFactory.java:85)
	at org.apache.maven.surefire.booter.ForkedBooter.runSuitesInProcess(ForkedBooter.java:115)
	at org.apache.maven.surefire.booter.ForkedBooter.main(ForkedBooter.java:75)
</error>
    <system-out>-------------------------------------------------------------------------------------
Vaadin TestBench 5 registered to christian.hilb@icongmbh.de (Pro Tools subscription)
-------------------------------------------------------------------------------------
</system-out>
  </testcase>
</testsuite>